{"logTime": "0311/022741", "correlationVector":"LX/r7Mft/22m3aFfTX65BB.1","action":"SyncServerConnectionManagerRequest", "result":"SYNC_SERVER_OK", "context":{"environment":"Prod_SoutheastAsia_000j", "migrationStage":"NotStarted", "server":"GENERAL0100001I"}}
{"logTime": "0311/022741", "correlationVector":"LX/r7Mft/22m3aFfTX65BB","action":"Initial GetUpdates", "result":"", "context":Reason: NEW_CLIENT. cV=LX/r7Mft/22m3aFfTX65BB}
{"logTime": "0311/022741", "correlationVector":"LX/r7Mft/22m3aFfTX65BB.2","action":"GetUpdates Response", "result":"SYNCER_OK", "context":Received 1 update(s). cV=LX/r7Mft/22m3aFfTX65BB.0;server=GENERAL0100001I;cloudType=Consumer;environment=Prod_SoutheastAsia_000j;migrationStage=NotStarted}
{"logTime": "0311/022742", "correlationVector":"uuubCo2NKDpEe0SRje/uoM","action":"SyncServerConnectionManagerRequest", "result":"SYNC_SERVER_OK", "context":{"environment":"", "migrationStage":"", "server":""}}
{"logTime": "0311/022742", "correlationVector":"qH8+CAqqSTt95G0dcZxMrV","action":"Initial GetUpdates", "result":"", "context":Reason: NEW_CLIENT. cV=qH8+CAqqSTt95G0dcZxMrV}
{"logTime": "0311/022743", "correlationVector":"qH8+CAqqSTt95G0dcZxMrV.1","action":"SyncServerConnectionManagerRequest", "result":"SYNC_SERVER_OK", "context":{"environment":"Prod_SoutheastAsia_000j", "migrationStage":"NotStarted", "server":"GENERAL0300002E"}}
{"logTime": "0311/022743", "correlationVector":"qH8+CAqqSTt95G0dcZxMrV.2","action":"GetUpdates Response", "result":"SYNCER_OK", "context":Received 138 update(s). cV=qH8+CAqqSTt95G0dcZxMrV.0;server=GENERAL0300002E;cloudType=Consumer;environment=Prod_SoutheastAsia_000j;migrationStage=NotStarted}
{"logTime": "0311/022743", "correlationVector":"2F4r22UxXa78yt74okNAiJ","action":"Initial GetUpdates", "result":"", "context":Reason: NEWLY_SUPPORTED_DATATYPE. cV=2F4r22UxXa78yt74okNAiJ}
{"logTime": "0311/022744", "correlationVector":"2F4r22UxXa78yt74okNAiJ.1","action":"SyncServerConnectionManagerRequest", "result":"SYNC_SERVER_OK", "context":{"environment":"Prod_SoutheastAsia_000j", "migrationStage":"NotStarted", "server":"GENERAL0300002B"}}
{"logTime": "0311/022744", "correlationVector":"2F4r22UxXa78yt74okNAiJ.2","action":"GetUpdates Response", "result":"SYNCER_OK", "context":Received 9 update(s). cV=2F4r22UxXa78yt74okNAiJ.0;server=GENERAL0300002B;cloudType=Consumer;environment=Prod_SoutheastAsia_000j;migrationStage=NotStarted}
{"logTime": "0311/022744", "correlationVector":"G4WZmTEswQOLES58k/pLVk","action":"Initial GetUpdates", "result":"", "context":Reason: NEWLY_SUPPORTED_DATATYPE. cV=G4WZmTEswQOLES58k/pLVk}
{"logTime": "0311/022745", "correlationVector":"G4WZmTEswQOLES58k/pLVk.1","action":"SyncServerConnectionManagerRequest", "result":"SYNC_SERVER_OK", "context":{"environment":"Prod_SoutheastAsia_000j", "migrationStage":"NotStarted", "server":"GENERAL0100001H"}}
{"logTime": "0311/022745", "correlationVector":"G4WZmTEswQOLES58k/pLVk.2","action":"GetUpdates Response", "result":"SERVER_MORE_TO_DOWNLOAD", "context":Received 250 update(s).  Some updates remain.}
{"logTime": "0311/022745", "correlationVector":"uu7x17mtyK/cJgVlorQTVe","action":"Initial GetUpdates", "result":"", "context":Reason: NEWLY_SUPPORTED_DATATYPE. cV=uu7x17mtyK/cJgVlorQTVe}
{"logTime": "0311/022745", "correlationVector":"uu7x17mtyK/cJgVlorQTVe.1","action":"SyncServerConnectionManagerRequest", "result":"SYNC_SERVER_OK", "context":{"environment":"Prod_SoutheastAsia_000j", "migrationStage":"NotStarted", "server":"GENERAL0100001H"}}
{"logTime": "0311/022745", "correlationVector":"uu7x17mtyK/cJgVlorQTVe.2","action":"GetUpdates Response", "result":"SERVER_MORE_TO_DOWNLOAD", "context":Received 250 update(s).  Some updates remain.}
{"logTime": "0311/022745", "correlationVector":"Keh/MIrD72Oz8hxp1BeBrz","action":"Initial GetUpdates", "result":"", "context":Reason: NEWLY_SUPPORTED_DATATYPE. cV=Keh/MIrD72Oz8hxp1BeBrz}
{"logTime": "0311/022746", "correlationVector":"Keh/MIrD72Oz8hxp1BeBrz.1","action":"SyncServerConnectionManagerRequest", "result":"SYNC_SERVER_OK", "context":{"environment":"Prod_SoutheastAsia_000j", "migrationStage":"NotStarted", "server":"general0300000G"}}
{"logTime": "0311/022746", "correlationVector":"Keh/MIrD72Oz8hxp1BeBrz.2","action":"GetUpdates", "result":"DeleteReceived", "context":{"id":"b3b45879-f621-4cb0-a00c-63a700776365", "isDeleted:":"true", "version":"1702809097183"}}
{"logTime": "0311/022746", "correlationVector":"Keh/MIrD72Oz8hxp1BeBrz.3","action":"GetUpdates", "result":"DeleteReceived", "context":{"id":"6ff4da65-4465-40ee-baca-3da93122e5ce", "isDeleted:":"true", "version":"1702809097184"}}
{"logTime": "0311/022746", "correlationVector":"Keh/MIrD72Oz8hxp1BeBrz.4","action":"GetUpdates", "result":"DeleteReceived", "context":{"id":"e9e17753-dfcb-441f-950c-98a4aef88258", "isDeleted:":"true", "version":"1703146023699"}}
{"logTime": "0311/022746", "correlationVector":"Keh/MIrD72Oz8hxp1BeBrz.5","action":"GetUpdates", "result":"DeleteReceived", "context":{"id":"cd4bc145-d525-4141-b1db-0303f914b9ef", "isDeleted:":"true", "version":"1703146023700"}}
{"logTime": "0311/022746", "correlationVector":"Keh/MIrD72Oz8hxp1BeBrz.6","action":"GetUpdates", "result":"DeleteReceived", "context":{"id":"0fa77f23-4d34-413d-bd43-7cd2c16851f0", "isDeleted:":"true", "version":"1704712406184"}}
{"logTime": "0311/022746", "correlationVector":"Keh/MIrD72Oz8hxp1BeBrz.7","action":"GetUpdates", "result":"DeleteReceived", "context":{"id":"c768fdf1-65e7-4709-8e9f-8bc622cef34b", "isDeleted:":"true", "version":"1704712406185"}}
{"logTime": "0311/022746", "correlationVector":"Keh/MIrD72Oz8hxp1BeBrz.8","action":"GetUpdates", "result":"DeleteReceived", "context":{"id":"b06f844d-b093-4d57-b5b0-eceeb1dc3eb7", "isDeleted:":"true", "version":"1705761629983"}}
{"logTime": "0311/022746", "correlationVector":"Keh/MIrD72Oz8hxp1BeBrz.9","action":"GetUpdates", "result":"DeleteReceived", "context":{"id":"2da29c69-4f90-4ee0-b40f-5d5dcee8094d", "isDeleted:":"true", "version":"1705761629984"}}
{"logTime": "0311/022746", "correlationVector":"Keh/MIrD72Oz8hxp1BeBrz.10","action":"GetUpdates", "result":"DeleteReceived", "context":{"id":"04d775b6-b897-49a0-890d-1a03303fd498", "isDeleted:":"true", "version":"1706616236110"}}
{"logTime": "0311/022746", "correlationVector":"Keh/MIrD72Oz8hxp1BeBrz.11","action":"GetUpdates", "result":"DeleteReceived", "context":{"id":"82e8b6eb-b2ab-45ae-90e0-bc169e95dd2d", "isDeleted:":"true", "version":"1706616236111"}}
{"logTime": "0311/022746", "correlationVector":"Keh/MIrD72Oz8hxp1BeBrz.12","action":"GetUpdates", "result":"DeleteReceived", "context":{"id":"4145cc16-a8bf-4657-bb96-3f830b13c582", "isDeleted:":"true", "version":"1706617145377"}}
{"logTime": "0311/022746", "correlationVector":"Keh/MIrD72Oz8hxp1BeBrz.13","action":"GetUpdates", "result":"DeleteReceived", "context":{"id":"ac30885b-b863-4e9f-be7a-0eb2b9cddc8d", "isDeleted:":"true", "version":"1706617145378"}}
{"logTime": "0311/022746", "correlationVector":"Keh/MIrD72Oz8hxp1BeBrz.14","action":"GetUpdates", "result":"DeleteReceived", "context":{"id":"88845360-04f8-4193-8e89-62db71ea099c", "isDeleted:":"true", "version":"1708934504302"}}
{"logTime": "0311/022746", "correlationVector":"Keh/MIrD72Oz8hxp1BeBrz.15","action":"GetUpdates", "result":"DeleteReceived", "context":{"id":"33fb35d1-bdb9-471f-bf85-e41724d8dd1d", "isDeleted:":"true", "version":"1708934504303"}}
{"logTime": "0311/022746", "correlationVector":"Keh/MIrD72Oz8hxp1BeBrz.16","action":"GetUpdates", "result":"DeleteReceived", "context":{"id":"f7979a1a-7517-423e-9e34-cb4ef037c80b", "isDeleted:":"true", "version":"1709625130761"}}
{"logTime": "0311/022746", "correlationVector":"Keh/MIrD72Oz8hxp1BeBrz.17","action":"GetUpdates", "result":"DeleteReceived", "context":{"id":"cf8bb82a-49e5-4d16-9d5e-4ef50899668d", "isDeleted:":"true", "version":"1709625130762"}}
{"logTime": "0311/022746", "correlationVector":"Keh/MIrD72Oz8hxp1BeBrz.18","action":"GetUpdates", "result":"DeleteReceived", "context":{"id":"093d89d4-bc56-485d-95f9-283f49c95efb", "isDeleted:":"true", "version":"1709810354790"}}
{"logTime": "0311/022746", "correlationVector":"Keh/MIrD72Oz8hxp1BeBrz.19","action":"GetUpdates", "result":"DeleteReceived", "context":{"id":"e450dd7c-3125-4a3c-b846-e03c9f183d58", "isDeleted:":"true", "version":"1709810354791"}}
{"logTime": "0311/022746", "correlationVector":"Keh/MIrD72Oz8hxp1BeBrz.20","action":"GetUpdates", "result":"DeleteReceived", "context":{"id":"d6fc4286-8e5f-4cbf-9423-047bd15a2778", "isDeleted:":"true", "version":"1710065772820"}}
{"logTime": "0311/022746", "correlationVector":"Keh/MIrD72Oz8hxp1BeBrz.21","action":"GetUpdates", "result":"DeleteReceived", "context":{"id":"273cdc41-82c0-4092-90fd-ee81badaaec0", "isDeleted:":"true", "version":"1710065772821"}}
{"logTime": "0311/022746", "correlationVector":"Keh/MIrD72Oz8hxp1BeBrz.22","action":"GetUpdates Response", "result":"SYNCER_OK", "context":Received 134 update(s). cV=Keh/MIrD72Oz8hxp1BeBrz.0;server=general0300000G;cloudType=Consumer;environment=Prod_SoutheastAsia_000j;migrationStage=NotStarted}
{"logTime": "0311/022746", "correlationVector":"ibvOhh3QeUmGfFlLePxTyH","action":"Normal GetUpdate request", "result":"", "context":cV=ibvOhh3QeUmGfFlLePxTyH
Nudged types: Bookmarks, Preferences, Device Info, User Consents
Refresh requested types: Bookmarks, Preferences, Passwords, Autofill Profiles, Autofill, Extensions, Extension settings, Device Info, User Consents, Send Tab To Self, Web Apps, Collection, Edge E Drop, Edge Hub App Usage, Edge Wallet, Encryption Keys}
{"logTime": "0311/022746", "correlationVector":"ibvOhh3QeUmGfFlLePxTyH.1","action":"SyncServerConnectionManagerRequest", "result":"SYNC_SERVER_OK", "context":{"environment":"Prod_SoutheastAsia_000j", "migrationStage":"NotStarted", "server":"GENERAL01000014"}}
{"logTime": "0311/022746", "correlationVector":"ibvOhh3QeUmGfFlLePxTyH.2","action":"GetUpdates Response", "result":"SYNCER_OK", "context":Received 0 update(s). cV=ibvOhh3QeUmGfFlLePxTyH.0;server=GENERAL01000014;cloudType=Consumer;environment=Prod_SoutheastAsia_000j;migrationStage=NotStarted}
{"logTime": "0311/022746", "correlationVector":"5zPZJ+TUiIvUmjkUfJFGtF","action":"Commit Request", "result":"", "context":Item count: 5
Contributing types: Bookmarks, Preferences, Device Info, User Consents}
{"logTime": "0311/022746", "correlationVector":"5zPZJ+TUiIvUmjkUfJFGtF.1","action":"SyncServerConnectionManagerRequest", "result":"SYNC_SERVER_OK", "context":{"environment":"Prod_SoutheastAsia_000j", "migrationStage":"NotStarted", "server":"GENERAL01000003"}}
{"logTime": "0311/022746", "correlationVector":"5zPZJ+TUiIvUmjkUfJFGtF.2","action":"Commit Response", "result":"SYNCER_OK", "context":Result: SYNCER_OK. cV=5zPZJ+TUiIvUmjkUfJFGtF.0;server=GENERAL01000003;cloudType=Consumer;environment=Prod_SoutheastAsia_000j;migrationStage=NotStarted}
{"logTime": "0311/022747", "correlationVector":"tAXvBo8131v7w+Hj7yEzsy","action":"Normal GetUpdate request", "result":"", "context":cV=tAXvBo8131v7w+Hj7yEzsy
Nudged types: Preferences, Device Info}
{"logTime": "0311/022747", "correlationVector":"tAXvBo8131v7w+Hj7yEzsy.1","action":"SyncServerConnectionManagerRequest", "result":"SYNC_SERVER_OK", "context":{"environment":"Prod_SoutheastAsia_000j", "migrationStage":"NotStarted", "server":"general0300001S"}}
{"logTime": "0311/022747", "correlationVector":"tAXvBo8131v7w+Hj7yEzsy.2","action":"GetUpdates Response", "result":"SYNCER_OK", "context":Received 4 update(s). cV=tAXvBo8131v7w+Hj7yEzsy.0;server=general0300001S;cloudType=Consumer;environment=Prod_SoutheastAsia_000j;migrationStage=NotStarted}
{"logTime": "0311/022749", "correlationVector":"k+iC197AmlG1BnFeHG1BmC","action":"Commit Request", "result":"", "context":Item count: 1
Contributing types: Web Apps}
{"logTime": "0311/022749", "correlationVector":"k+iC197AmlG1BnFeHG1BmC.1","action":"SyncServerConnectionManagerRequest", "result":"SYNC_SERVER_OK", "context":{"environment":"Prod_SoutheastAsia_000j", "migrationStage":"NotStarted", "server":"GENERAL0100000V"}}
{"logTime": "0311/022749", "correlationVector":"k+iC197AmlG1BnFeHG1BmC.2","action":"Commit Response", "result":"SYNCER_OK", "context":Result: SYNCER_OK. cV=k+iC197AmlG1BnFeHG1BmC.0;server=GENERAL0100000V;cloudType=Consumer;environment=Prod_SoutheastAsia_000j;migrationStage=NotStarted}
{"logTime": "0311/022810", "correlationVector":"XY8HRF39MHaOCNgR/QU49O","action":"Commit Request", "result":"", "context":Item count: 25
Contributing types: Passwords}
{"logTime": "0311/022812", "correlationVector":"XY8HRF39MHaOCNgR/QU49O.1","action":"SyncServerConnectionManagerRequest", "result":"SYNC_SERVER_OK", "context":{"environment":"Prod_SoutheastAsia_000j", "migrationStage":"NotStarted", "server":"GENERAL0300000B"}}
{"logTime": "0311/022812", "correlationVector":"XY8HRF39MHaOCNgR/QU49O.2","action":"Commit Response", "result":"SYNCER_OK", "context":Result: SYNCER_OK. cV=XY8HRF39MHaOCNgR/QU49O.0;server=GENERAL0300000B;cloudType=Consumer;environment=Prod_SoutheastAsia_000j;migrationStage=NotStarted}
{"logTime": "0311/022812", "correlationVector":"omw1HuL1tMfJGJjvdgSuUz","action":"Commit Request", "result":"", "context":Item count: 25
Contributing types: Passwords}
{"logTime": "0311/022813", "correlationVector":"omw1HuL1tMfJGJjvdgSuUz.1","action":"SyncServerConnectionManagerRequest", "result":"SYNC_SERVER_OK", "context":{"environment":"Prod_SoutheastAsia_000j", "migrationStage":"NotStarted", "server":"GENERAL0300001E"}}
{"logTime": "0311/022813", "correlationVector":"omw1HuL1tMfJGJjvdgSuUz.2","action":"Commit Response", "result":"SYNCER_OK", "context":Result: SYNCER_OK. cV=omw1HuL1tMfJGJjvdgSuUz.0;server=GENERAL0300001E;cloudType=Consumer;environment=Prod_SoutheastAsia_000j;migrationStage=NotStarted}
{"logTime": "0311/022813", "correlationVector":"9LOaOt3nEZ04b/XZ6oEcb/","action":"Commit Request", "result":"", "context":Item count: 13
Contributing types: Preferences, Passwords}
{"logTime": "0311/022814", "correlationVector":"9LOaOt3nEZ04b/XZ6oEcb/.1","action":"SyncServerConnectionManagerRequest", "result":"SYNC_SERVER_OK", "context":{"environment":"Prod_SoutheastAsia_000j", "migrationStage":"NotStarted", "server":"GENERAL0100000R"}}
{"logTime": "0311/022814", "correlationVector":"9LOaOt3nEZ04b/XZ6oEcb/.2","action":"Commit Response", "result":"SYNCER_OK", "context":Result: SYNCER_OK. cV=9LOaOt3nEZ04b/XZ6oEcb/.0;server=GENERAL0100000R;cloudType=Consumer;environment=Prod_SoutheastAsia_000j;migrationStage=NotStarted}
